--- Log opened Fri Jun 05 21:36:24 2015
2015-06-05 21:36:24-!- Irssi: Starting query in Palantir with idlerpg
2015-06-05 21:36:28<elijah_> login elijah sekretpassword
2015-06-05 21:36:31-idlerpg(idlerpg@net-75e.jqk.0.127.IP)- Logon successful. Next level in 0 days, 00:04:48.
2015-06-05 21:36:46<elijah_> status elijah
2015-06-05 21:36:49<idlerpg> elijah: Level 6 git; Status: Online; TTL: 0 days, 00:04:30; Idled: 0 days, 01:29:08; Item sum: 25; Rank: 2
2015-06-05 21:41:19-idlerpg(idlerpg@net-75e.jqk.0.127.IP)- You found a level 9 charm! Your current charm is only level 7, so it seems Luck is with you!
--- Log closed Fri Jun 05 21:47:11 2015
--- Log opened Fri Jun 05 22:09:35 2015
2015-06-05 22:09:35-idlerpg(idlerpg@net-75e.jqk.0.127.IP)- You found a level 11 set of leggings! Your current set of leggings is only level 3, so it seems Luck is with you!
--- Log closed Fri Jun 05 22:15:11 2015
--- Log opened Fri Jun 05 22:42:22 2015
2015-06-05 22:42:22-idlerpg(idlerpg@net-75e.jqk.0.127.IP)- You found a level 12 weapon! Your current weapon is only level 6, so it seems Luck is with you!
--- Log closed Fri Jun 05 22:48:11 2015
--- Log opened Fri Jun 05 23:20:23 2015
2015-06-05 23:20:23-idlerpg(idlerpg@net-75e.jqk.0.127.IP)- You found a level 14 ring! Your current ring is only level 9, so it seems Luck is with you!
--- Log closed Fri Jun 05 23:26:11 2015
--- Log opened Sat Jun 06 00:04:32 2015
2015-06-06 00:04:32-idlerpg(idlerpg@net-75e.jqk.0.127.IP)- You found a level 13 tunic! Your current tunic is only level 0, so it seems Luck is with you!
--- Log closed Sat Jun 06 00:10:11 2015
--- Log opened Sat Jun 06 00:45:28 2015
2015-06-06 00:45:28-idlerpg(idlerpg@net-75e.jqk.0.127.IP)- You found a level 16 pair of gloves! Your current pair of gloves is only level 0, so it seems Luck is with you!
--- Log closed Sat Jun 06 00:51:11 2015
--- Log opened Sat Jun 06 01:40:39 2015
2015-06-06 01:40:39-idlerpg(idlerpg@net-75e.jqk.0.127.IP)- You found a level 18 tunic! Your current tunic is only level 13, so it seems Luck is with you!
--- Log closed Sat Jun 06 01:46:11 2015
--- Log opened Sat Jun 06 02:44:43 2015
2015-06-06 02:44:43-idlerpg(idlerpg@net-75e.jqk.0.127.IP)- You found a level 15 amulet! Your current amulet is only level 0, so it seems Luck is with you!
--- Log closed Sat Jun 06 02:50:11 2015
--- Log opened Sat Jun 06 04:04:35 2015
2015-06-06 04:04:35-idlerpg(idlerpg@net-75e.jqk.0.127.IP)- You found a level 21 weapon! Your current weapon is only level 12, so it seems Luck is with you!
--- Log closed Sat Jun 06 04:10:11 2015
--- Log opened Sat Jun 06 05:37:17 2015
2015-06-06 05:37:17-idlerpg(idlerpg@net-75e.jqk.0.127.IP)- You found a level 18 weapon. Your current weapon is level 21, so it seems Luck is against you. You toss the weapon.
--- Log closed Sat Jun 06 05:43:11 2015
--- Log opened Sat Jun 06 07:17:15 2015
2015-06-06 07:17:15-idlerpg(idlerpg@net-75e.jqk.0.127.IP)- You found a level 21 pair of boots! Your current pair of boots is only level 0, so it seems Luck is with you!
--- Log closed Sat Jun 06 07:23:12 2015
--- Log opened Sat Jun 06 08:05:00 2015
2015-06-06 08:05:00<elijah_> align good
2015-06-06 08:05:01<idlerpg> Your alignment was changed to good.
--- Log closed Sat Jun 06 08:10:12 2015
--- Log opened Sat Jun 06 09:21:55 2015
2015-06-06 09:21:55-idlerpg(idlerpg@net-75e.jqk.0.127.IP)- You found a level 24 charm! Your current charm is only level 9, so it seems Luck is with you!
--- Log closed Sat Jun 06 09:27:12 2015
--- Log opened Sat Jun 06 11:46:34 2015
2015-06-06 11:46:34-idlerpg(idlerpg@net-75e.jqk.0.127.IP)- You found a level 24 amulet! Your current amulet is only level 15, so it seems Luck is with you!
--- Log closed Sat Jun 06 11:52:12 2015
--- Log opened Sat Jun 06 14:34:21 2015
2015-06-06 14:34:21-idlerpg(idlerpg@net-75e.jqk.0.127.IP)- You found a level 25 tunic! Your current tunic is only level 18, so it seems Luck is with you!
--- Log closed Sat Jun 06 14:40:12 2015
--- Log opened Sat Jun 06 17:48:57 2015
2015-06-06 17:48:57-idlerpg(idlerpg@net-75e.jqk.0.127.IP)- You found a level 30 charm! Your current charm is only level 24, so it seems Luck is with you!
--- Log closed Sat Jun 06 17:54:13 2015
--- Log opened Sat Jun 06 21:34:40 2015
2015-06-06 21:34:40-idlerpg(idlerpg@net-75e.jqk.0.127.IP)- You found a level 21 pair of gloves! Your current pair of gloves is only level 16, so it seems Luck is with you!
--- Log closed Sat Jun 06 21:40:13 2015
--- Log opened Sun Jun 07 01:38:14 2015
2015-06-07 01:38:14-idlerpg(idlerpg@net-75e.jqk.0.127.IP)- You found a level 34 tunic! Your current tunic is only level 25, so it seems Luck is with you!
--- Log closed Sun Jun 07 01:44:13 2015
--- Log opened Sun Jun 07 06:41:59 2015
2015-06-07 06:41:59-idlerpg(idlerpg@net-75e.jqk.0.127.IP)- You found a level 28 weapon! Your current weapon is only level 21, so it seems Luck is with you!
--- Log closed Sun Jun 07 06:47:14 2015
--- Log opened Sun Jun 07 12:34:21 2015
2015-06-07 12:34:21-idlerpg(idlerpg@net-75e.jqk.0.127.IP)- You found a level 31 set of leggings! Your current set of leggings is only level 11, so it seems Luck is with you!
--- Log closed Sun Jun 07 12:40:14 2015
--- Log opened Sun Jun 07 18:54:29 2015
2015-06-07 18:54:29-idlerpg(idlerpg@net-75e.jqk.0.127.IP)- You found a level 16 set of leggings. Your current set of leggings is level 31, so it seems Luck is against you. You toss the set of leggings.
--- Log closed Sun Jun 07 19:00:15 2015
--- Log opened Mon Jun 08 03:21:50 2015
2015-06-08 03:21:50-idlerpg(idlerpg@net-75e.jqk.0.127.IP)- You found a level 31 amulet! Your current amulet is only level 24, so it seems Luck is with you!
--- Log closed Mon Jun 08 03:27:15 2015
--- Log opened Mon Jun 08 10:41:52 2015
2015-06-08 10:41:52-idlerpg(idlerpg@net-75e.jqk.0.127.IP)- The light of the gods shines down upon you! You have found the level 74 Mattt's Omniscience Grand Crown! Your enemies fall before you as you anticipate their every move.
--- Log closed Mon Jun 08 10:47:16 2015
--- Log opened Mon Jun 08 17:38:57 2015
2015-06-08 17:38:57-idlerpg(idlerpg@net-75e.jqk.0.127.IP)- You found a level 33 pair of boots! Your current pair of boots is only level 21, so it seems Luck is with you!
--- Log closed Mon Jun 08 17:44:17 2015
--- Log opened Tue Jun 09 06:27:38 2015
2015-06-09 06:27:38-idlerpg(idlerpg@net-75e.jqk.0.127.IP)- You found a level 16 set of leggings. Your current set of leggings is level 31, so it seems Luck is against you. You toss the set of leggings.
--- Log closed Tue Jun 09 06:33:18 2015
--- Log opened Tue Jun 09 21:20:16 2015
2015-06-09 21:20:16-idlerpg(idlerpg@net-75e.jqk.0.127.IP)- You found a level 36 set of leggings! Your current set of leggings is only level 31, so it seems Luck is with you!
--- Log closed Tue Jun 09 21:25:20 2015
--- Log opened Wed Jun 10 11:51:40 2015
2015-06-10 11:51:40-idlerpg(idlerpg@net-75e.jqk.0.127.IP)- You found a level 38 amulet! Your current amulet is only level 31, so it seems Luck is with you!
--- Log closed Wed Jun 10 11:57:21 2015
--- Log opened Thu Jun 11 08:27:44 2015
2015-06-11 08:27:44-idlerpg(idlerpg@net-75e.jqk.0.127.IP)- You found a level 30 set of leggings. Your current set of leggings is level 36, so it seems Luck is against you. You toss the set of leggings.
--- Log closed Thu Jun 11 08:33:23 2015
--- Log opened Fri Jun 12 05:03:59 2015
2015-06-12 05:03:59-idlerpg(idlerpg@net-75e.jqk.0.127.IP)- You found a level 25 helm. Your current helm is level 74, so it seems Luck is against you. You toss the helm.
--- Log closed Fri Jun 12 05:09:25 2015
--- Log opened Sat Jun 13 13:47:21 2015
2015-06-13 13:47:21-idlerpg(idlerpg@net-75e.jqk.0.127.IP)- You found a level 40 helm. Your current helm is level 74, so it seems Luck is against you. You toss the helm.
--- Log closed Sat Jun 13 13:52:28 2015
--- Log opened Sun Jun 14 18:01:32 2015
2015-06-14 18:01:32-idlerpg(idlerpg@net-75e.jqk.0.127.IP)- You found a level 35 tunic! Your current tunic is only level 34, so it seems Luck is with you!
--- Log closed Sun Jun 14 18:07:31 2015
--- Log opened Tue Jun 16 07:19:34 2015
2015-06-16 07:19:34-idlerpg(idlerpg@net-75e.jqk.0.127.IP)- You found a level 34 shield! Your current shield is only level 0, so it seems Luck is with you!
--- Log closed Tue Jun 16 07:24:34 2015
--- Log opened Wed Jun 17 20:31:47 2015
2015-06-17 20:31:47-idlerpg(idlerpg@net-75e.jqk.0.127.IP)- You found a level 13 weapon. Your current weapon is level 28, so it seems Luck is against you. You toss the weapon.
--- Log closed Wed Jun 17 20:37:38 2015
--- Log opened Sat Jun 20 05:14:25 2015
2015-06-20 05:14:25-idlerpg(idlerpg@net-75e.jqk.0.127.IP)- You found a level 38 amulet. Your current amulet is level 38, so it seems Luck is against you. You toss the amulet.
--- Log closed Sat Jun 20 05:19:43 2015
--- Log opened Mon Jun 22 15:43:08 2015
2015-06-22 15:43:08-idlerpg(idlerpg@net-75e.jqk.0.127.IP)- You found a level 18 amulet. Your current amulet is level 34, so it seems Luck is against you. You toss the amulet.
--- Log closed Mon Jun 22 15:48:48 2015
--- Log opened Mon Jun 29 09:46:37 2015
2015-06-29 09:46:37-!- Irssi: Starting query in Palantir with idlerpg
2015-06-29 09:46:37<elijah_> login elijah sekretpassword
2015-06-29 09:46:41-idlerpg(idlerpg@net-75e.jqk.0.127.IP)- Logon successful. Next level in 0 days, 10:35:35.
--- Log closed Mon Jun 29 09:52:33 2015
--- Log opened Mon Jun 29 20:07:32 2015
2015-06-29 20:07:32-idlerpg(idlerpg@net-75e.jqk.0.127.IP)- You found a level 27 shield. Your current shield is level 34, so it seems Luck is against you. You toss the shield.
--- Log closed Mon Jun 29 20:12:34 2015
--- Log opened Thu Jul 02 19:23:58 2015
2015-07-02 19:23:58-idlerpg(idlerpg@net-75e.jqk.0.127.IP)- You found a level 32 helm. Your current helm is level 74, so it seems Luck is against you. You toss the helm.
--- Log closed Thu Jul 02 19:29:39 2015
--- Log opened Sun Jul 05 15:09:55 2015
2015-07-05 15:09:55-idlerpg(idlerpg@net-75e.jqk.0.127.IP)- You found a level 25 weapon. Your current weapon is level 28, so it seems Luck is against you. You toss the weapon.
--- Log closed Sun Jul 05 15:15:46 2015
--- Log opened Mon Jul 06 10:41:21 2015
2015-07-06 10:41:21<elijah_> status kelsey
2015-07-06 10:41:24<idlerpg> kelsey: Level 43 submariner; Status: Offline; TTL: 1 day, 11:58:50; Idled: 26 days, 14:16:14; Item sum: 390; Rank: 8
--- Log closed Mon Jul 06 10:46:47 2015
--- Log opened Thu Jul 09 09:01:54 2015
2015-07-09 09:01:54<elijah_> status kelsey
2015-07-09 09:01:58<idlerpg> kelsey: Level 43 submariner; Status: Offline; TTL: 1 day, 11:58:50; Idled: 26 days, 14:16:14; Item sum: 390; Rank: 11
--- Log closed Thu Jul 09 09:07:54 2015
--- Log opened Thu Jul 09 10:42:30 2015
2015-07-09 10:42:30-idlerpg(idlerpg@net-75e.jqk.0.127.IP)- You found a level 29 amulet. Your current amulet is level 34, so it seems Luck is against you. You toss the amulet.
--- Log closed Thu Jul 09 10:47:54 2015
--- Log opened Thu Jul 09 13:06:36 2015
2015-07-09 13:06:36<elijah_> info
2015-07-09 13:06:38<idlerpg> IRPG bot v3.1.2 by jotun, http://idlerpg.net/. On via server: localhost:6697. Admins online: pef.
--- Log closed Thu Jul 09 13:11:54 2015
--- Log opened Tue Jul 14 00:32:41 2015
2015-07-14 00:32:41-idlerpg(idlerpg@net-75e.jqk.0.127.IP)- You found a level 60 amulet! Your current amulet is only level 34, so it seems Luck is with you!
--- Log closed Tue Jul 14 00:38:04 2015
--- Log opened Sun Jul 19 03:05:48 2015
2015-07-19 03:05:48-idlerpg(idlerpg@net-75e.jqk.0.127.IP)- You found a level 46 pair of boots! Your current pair of boots is only level 33, so it seems Luck is with you!
--- Log closed Sun Jul 19 03:11:15 2015
--- Log opened Sat Jul 25 03:45:25 2015
2015-07-25 03:45:25-idlerpg(idlerpg@net-75e.jqk.0.127.IP)- The light of the gods shines down upon you! You have found the level 163 Jotun's Fury Colossal Sword! Your enemies' hatred is brought to a quick end as you arc your wrist, dealing the crushing blow.
--- Log closed Sat Jul 25 03:50:29 2015
--- Log opened Wed Jul 29 05:21:14 2015
2015-07-29 05:21:14-idlerpg(idlerpg@net-75e.jqk.0.127.IP)- You found a level 27 set of leggings! Your current set of leggings is only level 23, so it seems Luck is with you!
--- Log closed Wed Jul 29 05:26:38 2015
--- Log opened Sun Aug 02 21:51:40 2015
2015-08-02 21:51:40-idlerpg(idlerpg@net-75e.jqk.0.127.IP)- You found a level 60 ring! Your current ring is only level 14, so it seems Luck is with you!
--- Log closed Sun Aug 02 21:56:48 2015
--- Log opened Fri Aug 07 16:19:26 2015
2015-08-07 16:19:26-idlerpg(idlerpg@net-75e.jqk.0.127.IP)- You found a level 30 weapon. Your current weapon is level 163, so it seems Luck is against you. You toss the weapon.
--- Log closed Fri Aug 07 16:24:58 2015
--- Log opened Mon Aug 10 08:50:33 2015
2015-08-10 08:50:33-!- Irssi: Starting query in Palantir with idlerpg
2015-08-10 08:50:33<elijah> login elijah sekretpassword
2015-08-10 08:50:36-idlerpg(idlerpg@net-75e.jqk.0.127.IP)- Logon successful. Next level in 14 days, 01:59:27.
2015-08-10 08:52:50<elijah_> status Sessile
2015-08-10 08:52:52<idlerpg> You are not logged in.
2015-08-10 08:53:00<elijah_> login elijah sekretpassword
2015-08-10 08:53:04-idlerpg(idlerpg@net-75e.jqk.0.127.IP)- Sorry, you're not in #idlerpg.
2015-08-10 08:54:19<elijah_> login elijah sekretpassword
2015-08-10 08:54:22-idlerpg(idlerpg@net-75e.jqk.0.127.IP)- Sorry, you're not in #idlerpg.
2015-08-10 08:54:27<elijah_> login elijah sekretpassword
2015-08-10 08:54:28-idlerpg(idlerpg@net-75e.jqk.0.127.IP)- Logon successful. Next level in 14 days, 07:45:41.
2015-08-10 08:54:48<elijah_> status Sessile
2015-08-10 08:54:49<idlerpg> Sessile: Level 50 Scholar of Lacunae; Status: Online; TTL: 12 days, 04:35:22; Idled: 56 days, 00:03:10; Item sum: 456; Rank: 9
2015-08-10 08:55:11<elijah_> status kelsey
2015-08-10 08:55:14<idlerpg> kelsey: Level 49 submariner; Status: Online; TTL: 0 days, 21:22:51; Idled: 58 days, 10:08:46; Item sum: 357; Rank: 11
2015-08-10 08:55:18<elijah_> status nebkor
2015-08-10 08:55:20<idlerpg> nebkor: Level 49 "Ultra Mega Sloth"; Status: Online; TTL: 2 days, 19:48:05; Idled: 57 days, 06:17:00; Item sum: 458; Rank: 12
--- Log closed Mon Aug 10 09:00:32 2015
--- Log opened Mon Aug 17 17:01:26 2015
2015-08-17 17:01:26-idlerpg(idlerpg@net-75e.jqk.0.127.IP)- You found a level 30 tunic. Your current tunic is level 35, so it seems Luck is against you. You toss the tunic.
--- Log closed Mon Aug 17 17:06:48 2015
--- Log opened Sun Aug 23 19:16:46 2015
2015-08-23 19:16:46-idlerpg(idlerpg@net-75e.jqk.0.127.IP)- The light of the gods shines down upon you! You have found the level 118 Dwyn's Storm Magic Amulet! Your enemies are swept away by an elemental fury before the war has even begun
--- Log closed Sun Aug 23 19:22:01 2015
--- Log opened Sat Aug 29 21:27:02 2015
2015-08-29 21:27:02-idlerpg(idlerpg@net-75e.jqk.0.127.IP)- You found a level 43 weapon. Your current weapon is level 179, so it seems Luck is against you. You toss the weapon.
--- Log closed Sat Aug 29 21:32:15 2015
--- Log opened Fri Sep 04 08:08:04 2015
2015-09-04 08:08:04-idlerpg(idlerpg@net-75e.jqk.0.127.IP)- You found a level 20 pair of gloves. Your current pair of gloves is level 21, so it seems Luck is against you. You toss the pair of gloves.
--- Log closed Fri Sep 04 08:13:27 2015
--- Log opened Fri Sep 11 20:16:55 2015
2015-09-11 20:16:55<elijah_> login elijah sekretpassword
--- Log closed Fri Sep 11 20:22:44 2015
--- Log opened Mon Sep 14 06:46:19 2015
2015-09-14 06:46:19-idlerpg(idlerpg@net-75e.jqk.0.127.IP)- The light of the gods shines down upon you! You have found the level 252 Mrquick's Magical Boots of Swiftness! Your enemies are left choking on your dust as you run from them very, very quickly.
--- Log closed Mon Sep 14 06:51:49 2015
--- Log opened Fri Sep 18 11:08:23 2015
2015-09-18 11:08:23<elijah_> login elijah sekretpassword
2015-09-18 11:08:41-idlerpg(idlerpg@net-75e.jqk.0.127.IP)- Logon successful. Next level in 3 days, 01:26:01.
--- Log closed Fri Sep 18 11:13:59 2015
--- Log opened Sun Sep 20 02:53:48 2015
2015-09-20 02:53:48-idlerpg(idlerpg@net-75e.jqk.0.127.IP)- You found a level 31 shield. Your current shield is level 34, so it seems Luck is against you. You toss the shield.
--- Log closed Sun Sep 20 02:59:03 2015
--- Log opened Fri Sep 25 10:36:56 2015
2015-09-25 10:36:56-idlerpg(idlerpg@net-75e.jqk.0.127.IP)- You found a level 32 shield. Your current shield is level 34, so it seems Luck is against you. You toss the shield.
--- Log closed Fri Sep 25 10:42:15 2015
--- Log opened Thu Oct 01 17:39:24 2015
2015-10-01 17:39:24-idlerpg(idlerpg@net-75e.jqk.0.127.IP)- You found a level 12 weapon. Your current weapon is level 179, so it seems Luck is against you. You toss the weapon.
--- Log closed Thu Oct 01 17:44:29 2015
--- Log opened Mon Oct 05 17:00:28 2015
2015-10-05 17:00:28-idlerpg(idlerpg@net-75e.jqk.0.127.IP)- You found a level 17 charm. Your current charm is level 33, so it seems Luck is against you. You toss the charm.
--- Log closed Mon Oct 05 17:05:38 2015
--- Log opened Sat Oct 10 00:30:59 2015
2015-10-10 00:30:59-idlerpg(idlerpg@net-75e.jqk.0.127.IP)- Penalty of 0 days, 04:25:39 added to your timer for privmsg.
--- Log closed Sat Oct 10 00:36:48 2015
--- Log opened Sat Oct 10 21:33:34 2015
2015-10-10 21:33:34-idlerpg(idlerpg@net-75e.jqk.0.127.IP)- You found a level 23 tunic. Your current tunic is level 75, so it seems Luck is against you. You toss the tunic.
--- Log closed Sat Oct 10 21:38:50 2015
--- Log opened Fri Oct 16 19:18:23 2015
2015-10-16 19:18:23-idlerpg(idlerpg@net-75e.jqk.0.127.IP)- You found a level 21 charm. Your current charm is level 33, so it seems Luck is against you. You toss the charm.
--- Log closed Fri Oct 16 19:24:03 2015
--- Log opened Tue Oct 27 08:32:25 2015
2015-10-27 08:32:25-idlerpg(idlerpg@net-75e.jqk.0.127.IP)- You found a level 37 pair of gloves! Your current pair of gloves is only level 21, so it seems Luck is with you!
--- Log closed Tue Oct 27 08:37:28 2015
--- Log opened Tue Nov 03 02:24:59 2015
2015-11-03 02:24:59-idlerpg(idlerpg@net-75e.jqk.0.127.IP)- You found a level 32 charm. Your current charm is level 33, so it seems Luck is against you. You toss the charm.
--- Log closed Tue Nov 03 02:30:44 2015
--- Log opened Thu Nov 12 20:51:41 2015
2015-11-12 20:51:41-idlerpg(idlerpg@net-75e.jqk.0.127.IP)- You found a level 22 charm. Your current charm is level 33, so it seems Luck is against you. You toss the charm.
--- Log closed Thu Nov 12 20:57:06 2015
--- Log opened Fri Nov 20 06:33:55 2015
2015-11-20 06:33:55-idlerpg(idlerpg@net-75e.jqk.0.127.IP)- You found a level 25 amulet. Your current amulet is level 118, so it seems Luck is against you. You toss the amulet.
--- Log closed Fri Nov 20 06:39:22 2015
--- Log opened Fri Nov 20 13:56:38 2015
2015-11-20 13:56:38-!- Irssi: Starting query in Palantir with idlerpg
2015-11-20 13:56:38<elijah> login elijah sekretpassword
2015-11-20 13:56:39-idlerpg(idlerpg@net-75e.jqk.0.127.IP)- Logon successful. Next level in 49 days, 04:02:13.
--- Log closed Fri Nov 20 14:02:37 2015
--- Log opened Thu Nov 26 13:06:04 2015
2015-11-26 13:06:04-idlerpg(idlerpg@net-75e.jqk.0.127.IP)- You found a level 23 amulet. Your current amulet is level 118, so it seems Luck is against you. You toss the amulet.
--- Log closed Thu Nov 26 13:11:49 2015
--- Log opened Fri Dec 04 13:34:16 2015
2015-12-04 13:34:16-idlerpg(idlerpg@net-75e.jqk.0.127.IP)- You found a level 41 pair of gloves! Your current pair of gloves is only level 36, so it seems Luck is with you!
--- Log closed Fri Dec 04 13:40:07 2015
--- Log opened Fri Dec 04 23:40:02 2015
2015-12-04 23:40:02<elijah_> login elijah sekretpassword
2015-12-04 23:40:08-idlerpg(idlerpg@net-75e.jqk.0.127.IP)- Logon successful. Next level in 64 days, 06:02:34.
--- Log closed Fri Dec 04 23:45:08 2015
--- Log opened Mon Dec 07 09:22:19 2015
2015-12-07 09:22:19<elijah_> status Sessile
2015-12-07 09:22:22<idlerpg> Sessile: Level 53 Scholar of Lacunae; Status: Offline; TTL: 9 days, 03:52:57; Idled: 87 days, 02:02:04; Item sum: 452; Rank: 12
2015-12-07 09:22:25<elijah_> status sjp
2015-12-07 09:22:28<idlerpg> sjp: Level 60 The Man From Down Under; Status: Offline; TTL: 12 days, 20:43:51; Idled: 137 days, 22:01:36; Item sum: 566; Rank: 7
2015-12-07 09:22:33<elijah_> status pef
2015-12-07 09:22:34<idlerpg> pef: Level 64 troll; Status: Offline; TTL: 19 days, 18:24:52; Idled: 150 days, 03:24:57; Item sum: 870; Rank: 5
2015-12-07 09:22:37<elijah_> status kelsey
2015-12-07 09:22:40<idlerpg> kelsey: Level 58 submariner; Status: Offline; TTL: 28 days, 05:00:54; Idled: 126 days, 14:09:10; Item sum: 713; Rank: 9
2015-12-07 09:22:46<elijah_> status Atychiphobe
2015-12-07 09:22:49<idlerpg> Atychiphobe: Level 65 coward; Status: Offline; TTL: 33 days, 08:05:58; Idled: 167 days, 21:52:14; Item sum: 780; Rank: 3
2015-12-07 09:22:53<elijah_> status yzhou
2015-12-07 09:22:55<idlerpg> yzhou: Level 60 "twiddilng thumbs"; Status: Offline; TTL: 24 days, 14:35:34; Idled: 155 days, 07:25:14; Item sum: 765; Rank: 8
--- Log closed Mon Dec 07 09:28:13 2015
--- Log opened Fri Dec 11 19:26:18 2015
2015-12-11 19:26:18-idlerpg(idlerpg@net-75e.jqk.0.127.IP)- The light of the gods shines down upon you! You have found the level 83 Res0's Protectorate Plate Mail! Your enemies cower in fear as their attacks have no effect on you.
--- Log closed Fri Dec 11 19:31:23 2015
--- Log opened Thu Dec 17 22:50:19 2015
2015-12-17 22:50:19-idlerpg(idlerpg@net-75e.jqk.0.127.IP)- You found a level 40 tunic. Your current tunic is level 83, so it seems Luck is against you. You toss the tunic.
--- Log closed Thu Dec 17 22:55:35 2015
--- Log opened Tue Dec 22 15:39:21 2015
2015-12-22 15:39:21-idlerpg(idlerpg@net-75e.jqk.0.127.IP)- You found a level 26 weapon. Your current weapon is level 186, so it seems Luck is against you. You toss the weapon.
--- Log closed Tue Dec 22 15:44:47 2015
--- Log opened Sat Dec 26 14:09:46 2015
2015-12-26 14:09:46-idlerpg(idlerpg@net-75e.jqk.0.127.IP)- You found a level 40 amulet. Your current amulet is level 118, so it seems Luck is against you. You toss the amulet.
--- Log closed Sat Dec 26 14:14:56 2015
--- Log opened Mon Jan 04 10:02:06 2016
2016-01-04 10:02:06-!- Irssi: Starting query in Palantir with idlerpg
2016-01-04 10:02:06<elijah> login elijah sekretpassword
2016-01-04 10:02:09-idlerpg(idlerpg@net-75e.jqk.0.127.IP)- Logon successful. Next level in 6 days, 07:39:54.
--- Log closed Mon Jan 04 10:08:05 2016
--- Log opened Mon Jan 04 12:16:24 2016
2016-01-04 12:16:24-!- Irssi: Starting query in Palantir with idlerpg
2016-01-04 12:16:24<elijah> login elijah sekretpassword
2016-01-04 12:16:27-idlerpg(idlerpg@net-75e.jqk.0.127.IP)- Logon successful. Next level in 10 days, 16:12:21.
--- Log closed Mon Jan 04 12:22:23 2016
--- Log opened Fri Jan 08 08:43:16 2016
2016-01-08 08:43:16-idlerpg(idlerpg@net-75e.jqk.0.127.IP)- You found a level 25 set of leggings. Your current set of leggings is level 27, so it seems Luck is against you. You toss the set of leggings.
--- Log closed Fri Jan 08 08:48:32 2016
--- Log opened Wed Jan 13 01:52:34 2016
2016-01-13 01:52:34-idlerpg(idlerpg@net-75e.jqk.0.127.IP)- You found a level 68 tunic. Your current tunic is level 83, so it seems Luck is against you. You toss the tunic.
--- Log closed Wed Jan 13 01:57:43 2016
--- Log opened Fri Jan 22 13:44:22 2016
2016-01-22 13:44:22-idlerpg(idlerpg@net-75e.jqk.0.127.IP)- You found a level 35 ring. Your current ring is level 60, so it seems Luck is against you. You toss the ring.
--- Log closed Fri Jan 22 13:50:05 2016
--- Log opened Wed Jan 27 16:57:35 2016
2016-01-27 16:57:35-idlerpg(idlerpg@net-75e.jqk.0.127.IP)- You found a level 53 set of leggings! Your current set of leggings is only level 27, so it seems Luck is with you!
--- Log closed Wed Jan 27 17:03:16 2016
--- Log opened Thu Jan 28 10:33:36 2016
2016-01-28 10:33:36<elijah> info
2016-01-28 10:33:37<idlerpg> IRPG bot v3.1.2 by jotun, http://idlerpg.net/. On via server: localhost:6697. Admins online: pef.
--- Log closed Thu Jan 28 10:39:18 2016
--- Log opened Wed Feb 03 13:21:52 2016
2016-02-03 13:21:52-idlerpg(idlerpg@net-75e.jqk.0.127.IP)- You found a level 23 charm. Your current charm is level 45, so it seems Luck is against you. You toss the charm.
--- Log closed Wed Feb 03 13:27:32 2016
--- Log opened Thu Feb 11 12:17:49 2016
2016-02-11 12:17:49<elijah_> login elijah sekretpassword
2016-02-11 12:17:55-idlerpg(idlerpg@net-75e.jqk.0.127.IP)- Logon successful. Next level in 11 days, 16:56:45.
--- Log closed Thu Feb 11 12:23:50 2016
--- Log opened Thu Feb 11 13:17:03 2016
2016-02-11 13:17:03<elijah_> status yzhou
2016-02-11 13:17:05<idlerpg> yzhou: Level 64 "twiddilng thumbs"; Status: Offline; TTL: 12 days, 16:08:49; Idled: 192 days, 22:37:42; Item sum: 780; Rank: 7
2016-02-11 13:18:08<elijah_> status kniktas
2016-02-11 13:18:11<idlerpg> kniktas: Level 72 Hellene; Status: Offline; TTL: 44 days, 05:28:39; Idled: 241 days, 06:36:55; Item sum: 734; Rank: 4
--- Log closed Thu Feb 11 13:23:50 2016
--- Log opened Sun Feb 14 18:10:54 2016
2016-02-14 18:10:54-idlerpg(idlerpg@net-75e.jqk.0.127.IP)- You found a level 34 pair of gloves. Your current pair of gloves is level 41, so it seems Luck is against you. You toss the pair of gloves.
--- Log closed Sun Feb 14 18:15:57 2016
--- Log opened Wed Feb 17 15:37:05 2016
2016-02-17 15:37:05-idlerpg(idlerpg@net-75e.jqk.0.127.IP)- Penalty of 0 days, 06:41:20 added to your timer for privmsg.
--- Log closed Wed Feb 17 15:43:04 2016
--- Log opened Thu Feb 25 03:11:10 2016
2016-02-25 03:11:10-idlerpg(idlerpg@net-75e.jqk.0.127.IP)- You found a level 40 shield! Your current shield is only level 38, so it seems Luck is with you!
--- Log closed Thu Feb 25 03:16:21 2016
--- Log opened Tue Mar 01 04:23:06 2016
2016-03-01 04:23:06-idlerpg(idlerpg@net-75e.jqk.0.127.IP)- You found a level 30 helm. Your current helm is level 74, so it seems Luck is against you. You toss the helm.
--- Log closed Tue Mar 01 04:28:32 2016
--- Log opened Tue Mar 08 03:31:31 2016
2016-03-08 03:31:31-idlerpg(idlerpg@net-75e.jqk.0.127.IP)- You found a level 22 pair of boots. Your current pair of boots is level 299, so it seems Luck is against you. You toss the pair of boots.
--- Log closed Tue Mar 08 03:36:48 2016
--- Log opened Fri Mar 11 01:37:45 2016
2016-03-11 01:37:45-idlerpg(idlerpg@net-75e.jqk.0.127.IP)- You found a level 23 pair of gloves. Your current pair of gloves is level 67, so it seems Luck is against you. You toss the pair of gloves.
--- Log closed Fri Mar 11 01:42:55 2016
--- Log opened Tue Mar 15 08:37:45 2016
2016-03-15 08:37:45-idlerpg(idlerpg@net-75e.jqk.0.127.IP)- You found a level 27 helm. Your current helm is level 74, so it seems Luck is against you. You toss the helm.
--- Log closed Tue Mar 15 08:43:04 2016
--- Log opened Thu Mar 17 07:46:28 2016
2016-03-17 07:46:28<elijah_> login elijah sekretpassword
2016-03-17 07:46:34-idlerpg(idlerpg@net-75e.jqk.0.127.IP)- Logon successful. Next level in 11 days, 13:27:33.
--- Log closed Thu Mar 17 07:52:09 2016
--- Log opened Mon Mar 21 16:25:10 2016
2016-03-21 16:25:10-idlerpg(idlerpg@net-75e.jqk.0.127.IP)- You found a level 26 set of leggings. Your current set of leggings is level 44, so it seems Luck is against you. You toss the set of leggings.
--- Log closed Mon Mar 21 16:30:19 2016
--- Log opened Thu Mar 24 08:35:21 2016
2016-03-24 08:35:21-!- Irssi: Starting query in Palantir with idlerpg
2016-03-24 08:35:21<elijah> login elijah sekretpassword
2016-03-24 08:35:23-idlerpg(idlerpg@net-75e.jqk.0.127.IP)- Logon successful. Next level in 20 days, 18:53:01.
--- Log closed Thu Mar 24 08:41:20 2016
--- Log opened Sun Mar 27 17:46:21 2016
2016-03-27 17:46:21-idlerpg(idlerpg@net-75e.jqk.0.127.IP)- You found a level 34 tunic. Your current tunic is level 83, so it seems Luck is against you. You toss the tunic.
--- Log closed Sun Mar 27 17:51:27 2016
--- Log opened Sat Apr 02 17:58:48 2016
2016-04-02 17:58:48-idlerpg(idlerpg@net-75e.jqk.0.127.IP)- You found a level 40 ring. Your current ring is level 72, so it seems Luck is against you. You toss the ring.
--- Log closed Sat Apr 02 18:04:41 2016
--- Log opened Fri Apr 08 07:55:52 2016
2016-04-08 07:55:52-idlerpg(idlerpg@net-75e.jqk.0.127.IP)- You found a level 17 weapon. Your current weapon is level 204, so it seems Luck is against you. You toss the weapon.
--- Log closed Fri Apr 08 08:00:54 2016
--- Log opened Mon Apr 11 07:52:31 2016
2016-04-11 07:52:31-!- Irssi: Starting query in Palantir with idlerpg
2016-04-11 07:52:31<elijah> login elijah sekretpassword
2016-04-11 07:52:33-idlerpg(idlerpg@net-75e.jqk.0.127.IP)- Logon successful. Next level in 74 days, 09:25:04.
--- Log closed Mon Apr 11 07:58:30 2016
--- Log opened Sat Apr 16 12:16:01 2016
2016-04-16 12:16:01-idlerpg(idlerpg@net-75e.jqk.0.127.IP)- You found a level 71 shield! Your current shield is only level 44, so it seems Luck is with you!
--- Log closed Sat Apr 16 12:21:42 2016
--- Log opened Thu Apr 21 03:48:01 2016
2016-04-21 03:48:01-idlerpg(idlerpg@net-75e.jqk.0.127.IP)- You found a level 24 tunic. Your current tunic is level 83, so it seems Luck is against you. You toss the tunic.
--- Log closed Thu Apr 21 03:53:53 2016
--- Log opened Tue Apr 26 13:40:31 2016
2016-04-26 13:40:31-idlerpg(idlerpg@net-75e.jqk.0.127.IP)- You found a level 14 amulet. Your current amulet is level 129, so it seems Luck is against you. You toss the amulet.
--- Log closed Tue Apr 26 13:46:05 2016
--- Log opened Tue Apr 26 14:21:01 2016
2016-04-26 14:21:01-!- Irssi: Starting query in Palantir with idlerpg
2016-04-26 14:21:01<elijah> login elijah sekretpassword
2016-04-26 14:21:03-idlerpg(idlerpg@net-75e.jqk.0.127.IP)- Logon successful. Next level in 79 days, 01:50:23.
--- Log closed Tue Apr 26 14:27:00 2016
--- Log opened Sun May 01 01:25:14 2016
2016-05-01 01:25:14-idlerpg(idlerpg@net-75e.jqk.0.127.IP)- You found a level 34 pair of boots. Your current pair of boots is level 299, so it seems Luck is against you. You toss the pair of boots.
--- Log closed Sun May 01 01:31:11 2016
--- Log opened Sun May 08 02:50:09 2016
2016-05-08 02:50:09-idlerpg(idlerpg@net-75e.jqk.0.127.IP)- The light of the gods shines down upon you! You have found the level 89 Res0's Protectorate Plate Mail! Your enemies cower in fear as their attacks have no effect on you.
--- Log closed Sun May 08 02:55:27 2016
--- Log opened Wed May 11 08:33:49 2016
2016-05-11 08:33:49-idlerpg(idlerpg@net-75e.jqk.0.127.IP)- Penalty of 1 day, 17:52:59 added to your timer for privmsg.
--- Log closed Wed May 11 08:39:35 2016
--- Log opened Sun May 15 14:16:01 2016
2016-05-15 14:16:01-idlerpg(idlerpg@net-75e.jqk.0.127.IP)- You found a level 38 ring. Your current ring is level 72, so it seems Luck is against you. You toss the ring.
--- Log closed Sun May 15 14:21:44 2016
--- Log opened Fri May 20 08:20:24 2016
2016-05-20 08:20:24-!- Irssi: Starting query in Palantir with idlerpg
2016-05-20 08:20:24<elijah> login elijah sekretpassword
2016-05-20 08:20:26-idlerpg(idlerpg@net-75e.jqk.0.127.IP)- Logon successful. Next level in 8 days, 09:08:06.
--- Log closed Fri May 20 08:26:22 2016
--- Log opened Mon May 23 05:57:50 2016
2016-05-23 05:57:50-idlerpg(idlerpg@net-75e.jqk.0.127.IP)- You found a level 39 amulet. Your current amulet is level 104, so it seems Luck is against you. You toss the amulet.
--- Log closed Mon May 23 06:03:29 2016
--- Log opened Sun May 29 18:21:11 2016
2016-05-29 18:21:11-idlerpg(idlerpg@net-75e.jqk.0.127.IP)- You found a level 63 helm. Your current helm is level 74, so it seems Luck is against you. You toss the helm.
--- Log closed Sun May 29 18:26:44 2016
--- Log opened Fri Jun 03 04:28:11 2016
2016-06-03 04:28:11-idlerpg(idlerpg@net-75e.jqk.0.127.IP)- The light of the gods shines down upon you! You have found the level 326 Jeff's Cluehammer of Doom! Your enemies are left with a sudden and intense clarity of mind... even as you relieve them of it.
--- Log closed Fri Jun 03 04:33:54 2016
--- Log opened Sat Jun 04 02:13:28 2016
2016-06-04 02:13:28<elijah> login elijah sekretpassword
2016-06-04 02:13:35-idlerpg(idlerpg@net-75e.jqk.0.127.IP)- Logon successful. Next level in 62 days, 14:16:05.
--- Log closed Sat Jun 04 02:18:56 2016
--- Log opened Sat Jun 11 00:00:41 2016
2016-06-11 00:00:41-idlerpg(idlerpg@net-75e.jqk.0.127.IP)- You found a level 36 tunic. Your current tunic is level 82, so it seems Luck is against you. You toss the tunic.
--- Log closed Sat Jun 11 00:06:12 2016
--- Log opened Wed Jun 15 09:23:40 2016
2016-06-15 09:23:40-idlerpg(idlerpg@net-75e.jqk.0.127.IP)- You found a level 51 set of leggings. Your current set of leggings is level 55, so it seems Luck is against you. You toss the set of leggings.
--- Log closed Wed Jun 15 09:29:23 2016
--- Log opened Tue Jun 28 18:26:53 2016
2016-06-28 18:26:53-idlerpg(idlerpg@net-75e.jqk.0.127.IP)- You found a level 32 helm. Your current helm is level 98, so it seems Luck is against you. You toss the helm.
--- Log closed Tue Jun 28 18:31:53 2016
--- Log opened Fri Jul 01 22:51:50 2016
2016-07-01 22:51:50-idlerpg(idlerpg@net-75e.jqk.0.127.IP)- You found a level 29 weapon. Your current weapon is level 204, so it seems Luck is against you. You toss the weapon.
--- Log closed Fri Jul 01 22:57:01 2016
--- Log opened Sat Jul 09 15:19:31 2016
2016-07-09 15:19:31-idlerpg(idlerpg@net-75e.jqk.0.127.IP)- You found a level 33 helm. Your current helm is level 98, so it seems Luck is against you. You toss the helm.
--- Log closed Sat Jul 09 15:25:19 2016
--- Log opened Sun Jul 17 04:42:24 2016
2016-07-17 04:42:24-idlerpg(idlerpg@net-75e.jqk.0.127.IP)- You found a level 37 helm. Your current helm is level 98, so it seems Luck is against you. You toss the helm.
--- Log closed Sun Jul 17 04:47:36 2016
--- Log opened Tue Jul 19 13:54:55 2016
2016-07-19 13:54:55<elijah> login elijah sekretpassword
2016-07-19 13:54:57-idlerpg(idlerpg@net-75e.jqk.0.127.IP)- Logon successful. Next level in 17 days, 20:43:51.
--- Log closed Tue Jul 19 14:00:41 2016
--- Log opened Mon Aug 01 08:58:42 2016
2016-08-01 08:58:42-idlerpg(idlerpg@net-75e.jqk.0.127.IP)- You found a level 42 tunic. Your current tunic is level 82, so it seems Luck is against you. You toss the tunic.
--- Log closed Mon Aug 01 09:04:11 2016
--- Log opened Wed Aug 10 20:17:33 2016
2016-08-10 20:17:33-idlerpg(idlerpg@net-75e.jqk.0.127.IP)- You found a level 36 amulet. Your current amulet is level 93, so it seems Luck is against you. You toss the amulet.
--- Log closed Wed Aug 10 20:22:33 2016
--- Log opened Mon Aug 15 00:31:51 2016
2016-08-15 00:31:51-idlerpg(idlerpg@net-75e.jqk.0.127.IP)- You found a level 75 charm! Your current charm is only level 50, so it seems Luck is with you!
--- Log closed Mon Aug 15 00:37:43 2016
--- Log opened Sun Aug 21 08:34:20 2016
2016-08-21 08:34:20-idlerpg(idlerpg@net-75e.jqk.0.127.IP)- You found a level 44 set of leggings. Your current set of leggings is level 48, so it seems Luck is against you. You toss the set of leggings.
--- Log closed Sun Aug 21 08:39:57 2016
--- Log opened Sat Aug 27 21:11:42 2016
2016-08-27 21:11:42<elijah> login elijah sekretpassword
2016-08-27 21:11:43-idlerpg(idlerpg@net-75e.jqk.0.127.IP)- Logon successful. Next level in 8 days, 11:35:41.
--- Log closed Sat Aug 27 21:17:12 2016
--- Log opened Tue Aug 30 20:29:09 2016
2016-08-30 20:29:09-idlerpg(idlerpg@net-75e.jqk.0.127.IP)- The light of the gods shines down upon you! You have found the level 299 Mrquick's Magical Boots of Swiftness! Your enemies are left choking on your dust as you run from them very, very quickly.
--- Log closed Tue Aug 30 20:34:19 2016
--- Log opened Sun Sep 04 10:10:19 2016
2016-09-04 10:10:19-idlerpg(idlerpg@net-75e.jqk.0.127.IP)- You found a level 28 pair of gloves. Your current pair of gloves is level 61, so it seems Luck is against you. You toss the pair of gloves.
--- Log closed Sun Sep 04 10:15:30 2016
--- Log opened Fri Sep 09 09:30:40 2016
2016-09-09 09:30:40-idlerpg(idlerpg@net-75e.jqk.0.127.IP)- You found a level 26 set of leggings. Your current set of leggings is level 60, so it seems Luck is against you. You toss the set of leggings.
--- Log closed Fri Sep 09 09:35:41 2016
--- Log opened Wed Sep 14 03:21:09 2016
2016-09-14 03:21:09-idlerpg(idlerpg@net-75e.jqk.0.127.IP)- You found a level 31 pair of boots. Your current pair of boots is level 299, so it seems Luck is against you. You toss the pair of boots.
--- Log closed Wed Sep 14 03:26:52 2016
--- Log opened Wed Sep 14 10:56:34 2016
2016-09-14 10:56:34<elijah> status
2016-09-14 10:56:36<idlerpg> elijah: Level 109 git; Status: Online; TTL: 117 days, 09:30:20; Idled: 453 days, 05:52:17; Item sum: 1245; Rank: 1
2016-09-14 10:56:40<elijah> status Atychiphobe
2016-09-14 10:56:42<idlerpg> Atychiphobe: Level 98 coward; Status: Online; TTL: 34 days, 10:38:41; Idled: 443 days, 11:13:21; Item sum: 1160; Rank: 2
2016-09-14 10:56:44<elijah> status j
2016-09-14 10:56:45<idlerpg> j: Level 97 time_t; Status: Online; TTL: 66 days, 16:27:30; Idled: 465 days, 01:00:31; Item sum: 1141; Rank: 3
--- Log closed Wed Sep 14 11:01:53 2016
