--- Log opened Fri Jun 05 21:40:13 2015
2015-06-05 21:40:13-!- Irssi: Starting query in Palantir with idlerpg
2015-06-05 21:40:13<yellow> login Atychiphobe sekretpassword
2015-06-05 21:40:16-idlerpg(idlerpg@net-75e.jqk.0.127.IP)- Logon successful. Next level in 0 days, 00:05:21.
2015-06-05 21:40:23<yellow> status Atychiphobe
2015-06-05 21:40:25<idlerpg> Atychiphobe: Level 6 coward; Status: Online; TTL: 0 days, 00:05:12; Idled: 0 days, 01:28:07; Item sum: 23; Rank: 4
2015-06-05 21:45:37-idlerpg(idlerpg@net-75e.jqk.0.127.IP)- You found a level 6 ring. Your current ring is level 9, so it seems Luck is against you. You toss the ring.
--- Log closed Fri Jun 05 21:51:11 2015
--- Log opened Fri Jun 05 22:13:54 2015
2015-06-05 22:13:54-idlerpg(idlerpg@net-75e.jqk.0.127.IP)- You found a level 12 tunic! Your current tunic is only level 0, so it seems Luck is with you!
--- Log closed Fri Jun 05 22:19:11 2015
--- Log opened Sat Jun 06 08:00:48 2015
2015-06-06 08:00:48-!- Irssi: Starting query in Palantir with idlerpg
2015-06-06 08:00:48<yellow> login Atychiphobe sekretpassword
2015-06-06 08:00:52-idlerpg(idlerpg@net-75e.jqk.0.127.IP)- Logon successful. Next level in 0 days, 00:19:04.
2015-06-06 08:01:02<yellow> status Atychiphobe
2015-06-06 08:01:04<idlerpg> Atychiphobe: Level 8 coward; Status: Online; TTL: 0 days, 00:18:52; Idled: 0 days, 02:16:28; Item sum: 35; Rank: 6
2015-06-06 08:01:04<yellow> status elijah
2015-06-06 08:01:07<idlerpg> elijah: Level 17 git; Status: Online; TTL: 0 days, 01:20:48; Idled: 0 days, 11:53:26; Item sum: 125; Rank: 1
--- Log closed Sat Jun 06 08:06:47 2015
--- Log opened Sat Jun 06 08:12:18 2015
2015-06-06 08:12:18-!- Irssi: Starting query in Palantir with idlerpg
2015-06-06 08:12:18<yellow> login Atychiphobe sekretpassword
2015-06-06 08:12:20-idlerpg(idlerpg@net-75e.jqk.0.127.IP)- Logon successful. Next level in 0 days, 00:09:09.
2015-06-06 08:13:40<yellow> status elijah
2015-06-06 08:13:41<idlerpg> elijah: Level 17 git; Status: Online; TTL: 0 days, 01:08:14; Idled: 0 days, 12:06:00; Item sum: 125; Rank: 1
2015-06-06 08:15:00<yellow> align good
2015-06-06 08:15:02<idlerpg> Your alignment was changed to good.
--- Log closed Sat Jun 06 08:20:17 2015
--- Log opened Sat Jun 06 08:21:30 2015
2015-06-06 08:21:30-idlerpg(idlerpg@net-75e.jqk.0.127.IP)- You found a level 11 amulet! Your current amulet is only level 0, so it seems Luck is with you!
2015-06-06 08:27:16<yellow> status Atychiphobe
2015-06-06 08:27:19<idlerpg> Atychiphobe: Level 9 coward; Status: Online; TTL: 0 days, 00:32:12; Idled: 0 days, 02:42:07; Item sum: 46; Rank: 6
--- Log closed Sat Jun 06 08:33:17 2015
--- Log opened Sat Jun 06 08:59:33 2015
2015-06-06 08:59:33-idlerpg(idlerpg@net-75e.jqk.0.127.IP)- You found a level 11 charm! Your current charm is only level 0, so it seems Luck is with you!
--- Log closed Sat Jun 06 09:05:17 2015
--- Log opened Sat Jun 06 09:43:41 2015
2015-06-06 09:43:41-idlerpg(idlerpg@net-75e.jqk.0.127.IP)- You found a level 16 amulet! Your current amulet is only level 11, so it seems Luck is with you!
--- Log closed Sat Jun 06 09:49:17 2015
--- Log opened Sat Jun 06 10:34:52 2015
2015-06-06 10:34:52-idlerpg(idlerpg@net-75e.jqk.0.127.IP)- You found a level 12 ring! Your current ring is only level 9, so it seems Luck is with you!
--- Log closed Sat Jun 06 10:40:17 2015
--- Log opened Sat Jun 06 11:34:15 2015
2015-06-06 11:34:15-idlerpg(idlerpg@net-75e.jqk.0.127.IP)- You found a level 18 shield! Your current shield is only level 7, so it seems Luck is with you!
--- Log closed Sat Jun 06 11:39:17 2015
--- Log opened Sat Jun 06 12:43:08 2015
2015-06-06 12:43:08-idlerpg(idlerpg@net-75e.jqk.0.127.IP)- You found a level 20 weapon! Your current weapon is only level 0, so it seems Luck is with you!
--- Log closed Sat Jun 06 12:48:17 2015
--- Log opened Sat Jun 06 14:03:02 2015
2015-06-06 14:03:02-idlerpg(idlerpg@net-75e.jqk.0.127.IP)- You found a level 19 amulet! Your current amulet is only level 16, so it seems Luck is with you!
--- Log closed Sat Jun 06 14:08:17 2015
--- Log opened Sat Jun 06 15:35:43 2015
2015-06-06 15:35:43-idlerpg(idlerpg@net-75e.jqk.0.127.IP)- You found a level 18 ring! Your current ring is only level 12, so it seems Luck is with you!
--- Log closed Sat Jun 06 15:41:17 2015
--- Log opened Sat Jun 06 17:23:11 2015
2015-06-06 17:23:11-idlerpg(idlerpg@net-75e.jqk.0.127.IP)- You found a level 18 amulet. Your current amulet is level 19, so it seems Luck is against you. You toss the amulet.
--- Log closed Sat Jun 06 17:28:17 2015
--- Log opened Sat Jun 06 19:36:35 2015
2015-06-06 19:36:35-idlerpg(idlerpg@net-75e.jqk.0.127.IP)- You found a level 17 helm! Your current helm is only level 0, so it seems Luck is with you!
--- Log closed Sat Jun 06 19:42:17 2015
--- Log opened Sat Jun 06 22:01:14 2015
2015-06-06 22:01:14-idlerpg(idlerpg@net-75e.jqk.0.127.IP)- You found a level 25 amulet! Your current amulet is only level 19, so it seems Luck is with you!
--- Log closed Sat Jun 06 22:06:17 2015
--- Log opened Sun Jun 07 00:49:00 2015
2015-06-07 00:49:00-idlerpg(idlerpg@net-75e.jqk.0.127.IP)- You found a level 29 shield! Your current shield is only level 18, so it seems Luck is with you!
--- Log closed Sun Jun 07 00:54:18 2015
--- Log opened Sun Jun 07 04:17:13 2015
2015-06-07 04:17:13-idlerpg(idlerpg@net-75e.jqk.0.127.IP)- You found a level 28 pair of boots! Your current pair of boots is only level 0, so it seems Luck is with you!
--- Log closed Sun Jun 07 04:22:18 2015
--- Log opened Sun Jun 07 08:02:58 2015
2015-06-07 08:02:58-idlerpg(idlerpg@net-75e.jqk.0.127.IP)- You found a level 19 shield. Your current shield is level 29, so it seems Luck is against you. You toss the shield.
--- Log closed Sun Jun 07 08:08:18 2015
--- Log opened Sun Jun 07 12:24:51 2015
2015-06-07 12:24:51-idlerpg(idlerpg@net-75e.jqk.0.127.IP)- You found a level 30 helm! Your current helm is only level 17, so it seems Luck is with you!
--- Log closed Sun Jun 07 12:30:18 2015
--- Log opened Sun Jun 07 17:28:38 2015
2015-06-07 17:28:38-idlerpg(idlerpg@net-75e.jqk.0.127.IP)- You found a level 32 pair of boots! Your current pair of boots is only level 28, so it seems Luck is with you!
--- Log closed Sun Jun 07 17:34:19 2015
--- Log opened Sun Jun 07 22:57:19 2015
2015-06-07 22:57:19-idlerpg(idlerpg@net-75e.jqk.0.127.IP)- You found a level 22 shield. Your current shield is level 29, so it seems Luck is against you. You toss the shield.
--- Log closed Sun Jun 07 23:02:19 2015
--- Log opened Mon Jun 08 05:17:27 2015
2015-06-08 05:17:27-idlerpg(idlerpg@net-75e.jqk.0.127.IP)- You found a level 29 ring! Your current ring is only level 18, so it seems Luck is with you!
--- Log closed Mon Jun 08 05:23:19 2015
--- Log opened Mon Jun 08 13:44:47 2015
2015-06-08 13:44:47-idlerpg(idlerpg@net-75e.jqk.0.127.IP)- You found a level 37 ring! Your current ring is only level 29, so it seems Luck is with you!
--- Log closed Mon Jun 08 13:50:20 2015
--- Log opened Mon Jun 08 22:16:17 2015
2015-06-08 22:16:17-idlerpg(idlerpg@net-75e.jqk.0.127.IP)- The light of the gods shines down upon you! You have found the level 65 Juliet's Glorious Ring of Sparkliness! You enemies are blinded by both its glory and their greed as you bring desolation upon them.
--- Log closed Mon Jun 08 22:21:20 2015
--- Log opened Tue Jun 09 08:08:19 2015
2015-06-09 08:08:19-idlerpg(idlerpg@net-75e.jqk.0.127.IP)- You found a level 38 helm! Your current helm is only level 30, so it seems Luck is with you!
--- Log closed Tue Jun 09 08:13:21 2015
--- Log opened Tue Jun 09 21:20:13 2015
2015-06-09 21:20:13-idlerpg(idlerpg@net-75e.jqk.0.127.IP)- You found a level 30 charm! Your current charm is only level 11, so it seems Luck is with you!
--- Log closed Tue Jun 09 21:25:22 2015
--- Log opened Wed Jun 10 10:13:09 2015
2015-06-10 10:13:09-idlerpg(idlerpg@net-75e.jqk.0.127.IP)- You found a level 14 tunic! Your current tunic is only level 12, so it seems Luck is with you!
--- Log closed Wed Jun 10 10:18:23 2015
--- Log opened Thu Jun 11 03:25:23 2015
2015-06-11 03:25:23-idlerpg(idlerpg@net-75e.jqk.0.127.IP)- You found a level 36 pair of gloves! Your current pair of gloves is only level 2, so it seems Luck is with you!
--- Log closed Thu Jun 11 03:30:24 2015
--- Log opened Fri Jun 12 00:56:41 2015
2015-06-12 00:56:41-idlerpg(idlerpg@net-75e.jqk.0.127.IP)- You found a level 34 shield! Your current shield is only level 29, so it seems Luck is with you!
--- Log closed Fri Jun 12 01:02:25 2015
--- Log opened Fri Jun 12 21:29:31 2015
2015-06-12 21:29:31-idlerpg(idlerpg@net-75e.jqk.0.127.IP)- You found a level 29 helm. Your current helm is level 38, so it seems Luck is against you. You toss the helm.
--- Log closed Fri Jun 12 21:35:26 2015
--- Log opened Sat Jun 13 21:35:09 2015
2015-06-13 21:35:09-idlerpg(idlerpg@net-75e.jqk.0.127.IP)- You found a level 48 weapon! Your current weapon is only level 20, so it seems Luck is with you!
--- Log closed Sat Jun 13 21:40:28 2015
--- Log opened Mon Jun 15 01:14:04 2015
2015-06-15 01:14:04-idlerpg(idlerpg@net-75e.jqk.0.127.IP)- The light of the gods shines down upon you! You have found the level 106 Dwyn's Storm Magic Amulet! Your enemies are swept away by an elemental fury before the war has even begun
--- Log closed Mon Jun 15 01:19:30 2015
--- Log opened Tue Jun 16 09:18:23 2015
2015-06-16 09:18:23-idlerpg(idlerpg@net-75e.jqk.0.127.IP)- You found a level 26 helm. Your current helm is level 38, so it seems Luck is against you. You toss the helm.
--- Log closed Tue Jun 16 09:23:31 2015
--- Log opened Wed Jun 17 22:30:35 2015
2015-06-17 22:30:35-idlerpg(idlerpg@net-75e.jqk.0.127.IP)- You found a level 33 pair of gloves! Your current pair of gloves is only level 29, so it seems Luck is with you!
--- Log closed Wed Jun 17 22:36:34 2015
--- Log opened Fri Jun 19 20:06:26 2015
2015-06-19 20:06:26<yellow> login Atychiphobe sekretpassword
2015-06-19 20:06:29-idlerpg(idlerpg@net-75e.jqk.0.127.IP)- Logon successful. Next level in 0 days, 04:37:46.
--- Log closed Fri Jun 19 20:11:37 2015
--- Log opened Sat Jun 20 00:44:16 2015
2015-06-20 00:44:16-idlerpg(idlerpg@net-75e.jqk.0.127.IP)- You found a level 39 tunic! Your current tunic is only level 14, so it seems Luck is with you!
--- Log closed Sat Jun 20 00:49:37 2015
--- Log opened Mon Jun 22 07:34:20 2015
2015-06-22 07:34:20-idlerpg(idlerpg@net-75e.jqk.0.127.IP)- You found a level 47 weapon. Your current weapon is level 48, so it seems Luck is against you. You toss the weapon.
--- Log closed Mon Jun 22 07:39:41 2015
--- Log opened Wed Jun 24 09:57:09 2015
2015-06-24 09:57:09-idlerpg(idlerpg@net-75e.jqk.0.127.IP)- You found a level 25 pair of boots. Your current pair of boots is level 32, so it seems Luck is against you. You toss the pair of boots.
--- Log closed Wed Jun 24 10:02:44 2015
--- Log opened Sat Jun 27 02:42:10 2015
2015-06-27 02:42:10-idlerpg(idlerpg@net-75e.jqk.0.127.IP)- You found a level 28 amulet. Your current amulet is level 106, so it seems Luck is against you. You toss the amulet.
--- Log closed Sat Jun 27 02:47:48 2015
--- Log opened Mon Jun 29 13:34:17 2015
2015-06-29 13:34:17-idlerpg(idlerpg@net-75e.jqk.0.127.IP)- You found a level 30 tunic. Your current tunic is level 39, so it seems Luck is against you. You toss the tunic.
--- Log closed Mon Jun 29 13:39:52 2015
--- Log opened Thu Jul 02 08:05:58 2015
2015-07-02 08:05:58-idlerpg(idlerpg@net-75e.jqk.0.127.IP)- You found a level 30 weapon. Your current weapon is level 48, so it seems Luck is against you. You toss the weapon.
--- Log closed Thu Jul 02 08:11:55 2015
--- Log opened Tue Jul 07 01:32:54 2015
2015-07-07 01:32:54-idlerpg(idlerpg@net-75e.jqk.0.127.IP)- You found a level 50 charm! Your current charm is only level 30, so it seems Luck is with you!
--- Log closed Tue Jul 07 01:38:02 2015
--- Log opened Fri Jul 10 03:05:51 2015
2015-07-10 03:05:51-idlerpg(idlerpg@net-75e.jqk.0.127.IP)- You found a level 34 amulet. Your current amulet is level 116, so it seems Luck is against you. You toss the amulet.
--- Log closed Fri Jul 10 03:11:06 2015
--- Log opened Mon Jul 13 21:30:31 2015
2015-07-13 21:30:31-idlerpg(idlerpg@net-75e.jqk.0.127.IP)- The light of the gods shines down upon you! You have found the level 67 Juliet's Glorious Ring of Sparkliness! You enemies are blinded by both its glory and their greed as you bring desolation upon them.
--- Log closed Mon Jul 13 21:36:12 2015
--- Log opened Fri Jul 17 15:25:14 2015
2015-07-17 15:25:14-idlerpg(idlerpg@net-75e.jqk.0.127.IP)- You found a level 39 amulet. Your current amulet is level 116, so it seems Luck is against you. You toss the amulet.
--- Log closed Fri Jul 17 15:30:17 2015
--- Log opened Wed Jul 22 06:33:25 2015
2015-07-22 06:33:25-idlerpg(idlerpg@net-75e.jqk.0.127.IP)- You found a level 41 tunic! Your current tunic is only level 39, so it seems Luck is with you!
--- Log closed Wed Jul 22 06:39:24 2015
--- Log opened Tue Jul 28 14:22:47 2015
2015-07-28 14:22:47-idlerpg(idlerpg@net-75e.jqk.0.127.IP)- You found a level 54 charm! Your current charm is only level 50, so it seems Luck is with you!
--- Log closed Tue Jul 28 14:28:34 2015
--- Log opened Mon Aug 03 11:27:56 2015
2015-08-03 11:27:56-idlerpg(idlerpg@net-75e.jqk.0.127.IP)- You found a level 30 charm. Your current charm is level 54, so it seems Luck is against you. You toss the charm.
--- Log closed Mon Aug 03 11:33:43 2015
--- Log opened Fri Aug 07 00:11:03 2015
2015-08-07 00:11:03-idlerpg(idlerpg@net-75e.jqk.0.127.IP)- You found a level 31 tunic. Your current tunic is level 41, so it seems Luck is against you. You toss the tunic.
--- Log closed Fri Aug 07 00:16:48 2015
--- Log opened Sat Aug 15 14:28:15 2015
2015-08-15 14:28:15-idlerpg(idlerpg@net-75e.jqk.0.127.IP)- You found a level 21 tunic. Your current tunic is level 22, so it seems Luck is against you. You toss the tunic.
--- Log closed Sat Aug 15 14:34:01 2015
--- Log opened Thu Aug 20 02:57:14 2015
2015-08-20 02:57:14-idlerpg(idlerpg@net-75e.jqk.0.127.IP)- You found a level 34 pair of gloves! Your current pair of gloves is only level 33, so it seems Luck is with you!
--- Log closed Thu Aug 20 03:03:07 2015
--- Log opened Tue Sep 01 00:59:45 2015
2015-09-01 00:59:45-idlerpg(idlerpg@net-75e.jqk.0.127.IP)- You found a level 20 charm. Your current charm is level 54, so it seems Luck is against you. You toss the charm.
--- Log closed Tue Sep 01 01:05:25 2015
--- Log opened Thu Sep 10 00:27:58 2015
2015-09-10 00:27:58-idlerpg(idlerpg@net-75e.jqk.0.127.IP)- The light of the gods shines down upon you! You have found the level 299 Mrquick's Magical Boots of Swiftness! Your enemies are left choking on your dust as you run from them very, very quickly.
--- Log closed Thu Sep 10 00:33:38 2015
--- Log opened Fri Sep 11 20:21:50 2015
2015-09-11 20:21:50<yellow> login Atychiphobe sekretpassword
--- Log closed Fri Sep 11 20:27:41 2015
--- Log opened Mon Oct 12 08:44:31 2015
2015-10-12 08:44:31-!- Irssi: Starting query in Palantir with idlerpg
2015-10-12 08:44:31<yellow_> login Atychiphobe sekretpassword
--- Log closed Mon Oct 12 08:44:35 2015
--- Log opened Mon Oct 12 08:45:02 2015
2015-10-12 08:45:02-!- Irssi: Starting query in Palantir with idlerpg
2015-10-12 08:45:02<yellow_> login Atychiphobe sekretpassword
2015-10-12 08:45:07-idlerpg(idlerpg@net-75e.jqk.0.127.IP)- Logon successful. Next level in 7 days, 21:00:25.
--- Log closed Mon Oct 12 08:50:58 2015
--- Log opened Thu Oct 15 23:10:40 2015
2015-10-15 23:10:40-idlerpg(idlerpg@net-75e.jqk.0.127.IP)- You found a level 29 set of leggings! Your current set of leggings is only level 21, so it seems Luck is with you!
--- Log closed Thu Oct 15 23:16:04 2015
--- Log opened Wed Oct 21 23:17:33 2015
2015-10-21 23:17:33-idlerpg(idlerpg@net-75e.jqk.0.127.IP)- You found a level 20 shield. Your current shield is level 53, so it seems Luck is against you. You toss the shield.
--- Log closed Wed Oct 21 23:23:13 2015
--- Log opened Fri Oct 30 08:25:50 2015
2015-10-30 08:25:50-idlerpg(idlerpg@net-75e.jqk.0.127.IP)- You found a level 43 pair of gloves! Your current pair of gloves is only level 34, so it seems Luck is with you!
--- Log closed Fri Oct 30 08:31:25 2015
--- Log opened Sun Nov 08 21:46:30 2015
2015-11-08 21:46:30-idlerpg(idlerpg@net-75e.jqk.0.127.IP)- You found a level 63 pair of gloves! Your current pair of gloves is only level 43, so it seems Luck is with you!
--- Log closed Sun Nov 08 21:51:39 2015
--- Log opened Sun Nov 15 01:11:22 2015
2015-11-15 01:11:22-idlerpg(idlerpg@net-75e.jqk.0.127.IP)- You found a level 56 charm! Your current charm is only level 54, so it seems Luck is with you!
--- Log closed Sun Nov 15 01:16:49 2015
--- Log opened Sun Nov 22 19:48:45 2015
2015-11-22 19:48:45-idlerpg(idlerpg@net-75e.jqk.0.127.IP)- You found a level 38 helm. Your current helm is level 53, so it seems Luck is against you. You toss the helm.
--- Log closed Sun Nov 22 19:54:00 2015
--- Log opened Mon Nov 30 01:51:16 2015
2015-11-30 01:51:16-idlerpg(idlerpg@net-75e.jqk.0.127.IP)- You found a level 18 helm. Your current helm is level 53, so it seems Luck is against you. You toss the helm.
--- Log closed Mon Nov 30 01:57:11 2015
--- Log opened Mon Dec 07 09:23:36 2015
2015-12-07 09:23:36-!- Irssi: Starting query in Palantir with idlerpg
2015-12-07 09:23:36<yellow> login Atychiphobe sekretpassword
2015-12-07 09:23:38-idlerpg(idlerpg@net-75e.jqk.0.127.IP)- Logon successful. Next level in 33 days, 08:05:58.
--- Log closed Mon Dec 07 09:29:35 2015
--- Log opened Tue Dec 15 02:08:59 2015
2015-12-15 02:08:59-idlerpg(idlerpg@net-75e.jqk.0.127.IP)- You found a level 41 set of leggings! Your current set of leggings is only level 29, so it seems Luck is with you!
--- Log closed Tue Dec 15 02:14:47 2015
--- Log opened Mon Dec 21 18:38:00 2015
2015-12-21 18:38:00-idlerpg(idlerpg@net-75e.jqk.0.127.IP)- You found a level 49 weapon! Your current weapon is only level 48, so it seems Luck is with you!
--- Log closed Mon Dec 21 18:43:56 2015
--- Log opened Sat Jan 02 02:07:01 2016
2016-01-02 02:07:01-idlerpg(idlerpg@net-75e.jqk.0.127.IP)- You found a level 28 amulet. Your current amulet is level 124, so it seems Luck is against you. You toss the amulet.
--- Log closed Sat Jan 02 02:12:13 2016
--- Log opened Mon Jan 04 10:06:21 2016
2016-01-04 10:06:21-idlerpg(idlerpg@net-75e.jqk.0.127.IP)- Penalty of 0 days, 08:13:40 added to your timer for privmsg.
--- Log closed Mon Jan 04 10:12:16 2016
--- Log opened Thu Jan 07 21:57:47 2016
2016-01-07 21:57:47-idlerpg(idlerpg@net-75e.jqk.0.127.IP)- You found a level 38 weapon. Your current weapon is level 53, so it seems Luck is against you. You toss the weapon.
--- Log closed Thu Jan 07 22:03:22 2016
--- Log opened Mon Jan 18 14:02:53 2016
2016-01-18 14:02:53-idlerpg(idlerpg@net-75e.jqk.0.127.IP)- The light of the gods shines down upon you! You have found the level 61 Juliet's Glorious Ring of Sparkliness! You enemies are blinded by both its glory and their greed as you bring desolation upon them.
--- Log closed Mon Jan 18 14:08:37 2016
--- Log opened Tue Jan 26 08:53:26 2016
2016-01-26 08:53:26-idlerpg(idlerpg@net-75e.jqk.0.127.IP)- You found a level 17 tunic. Your current tunic is level 22, so it seems Luck is against you. You toss the tunic.
--- Log closed Tue Jan 26 08:58:48 2016
--- Log opened Fri Jan 29 12:42:07 2016
2016-01-29 12:42:07-idlerpg(idlerpg@net-75e.jqk.0.127.IP)- Penalty of 0 days, 03:02:50 added to your timer for privmsg.
--- Log closed Fri Jan 29 12:47:53 2016
--- Log opened Thu Feb 04 01:16:31 2016
2016-02-04 01:16:31-idlerpg(idlerpg@net-75e.jqk.0.127.IP)- You found a level 32 weapon. Your current weapon is level 53, so it seems Luck is against you. You toss the weapon.
--- Log closed Thu Feb 04 01:22:01 2016
--- Log opened Tue Feb 16 10:33:36 2016
2016-02-16 10:33:36-idlerpg(idlerpg@net-75e.jqk.0.127.IP)- You found a level 18 set of leggings. Your current set of leggings is level 41, so it seems Luck is against you. You toss the set of leggings.
--- Log closed Tue Feb 16 10:39:19 2016
--- Log opened Tue Feb 16 10:44:46 2016
2016-02-16 10:44:46-idlerpg(idlerpg@net-75e.jqk.0.127.IP)- Penalty of 0 days, 03:57:37 added to your timer for privmsg.
--- Log closed Tue Feb 16 10:50:19 2016
--- Log opened Thu Feb 18 05:16:40 2016
2016-02-18 05:16:40-!- Irssi: Starting query in Palantir with idlerpg
2016-02-18 05:16:40<yellow> login Atychiphobe sekretpassword
2016-02-18 05:16:44-idlerpg(idlerpg@net-75e.jqk.0.127.IP)- Logon successful. Next level in 37 days, 18:22:35.
--- Log closed Thu Feb 18 05:22:39 2016
--- Log opened Fri Feb 19 01:35:22 2016
2016-02-19 01:35:22<yellow> login Atychiphobe sekretpassword
2016-02-19 01:35:25-idlerpg(idlerpg@net-75e.jqk.0.127.IP)- Logon successful. Next level in 26 days, 20:40:56.
--- Log closed Fri Feb 19 01:40:40 2016
--- Log opened Sat Feb 20 13:43:45 2016
2016-02-20 13:43:45-idlerpg(idlerpg@net-75e.jqk.0.127.IP)- Penalty of 0 days, 11:52:53 added to your timer for privmsg.
--- Log closed Sat Feb 20 13:49:42 2016
--- Log opened Mon Feb 22 23:20:09 2016
2016-02-22 23:20:09-idlerpg(idlerpg@net-75e.jqk.0.127.IP)- You found a level 51 weapon. Your current weapon is level 53, so it seems Luck is against you. You toss the weapon.
--- Log closed Mon Feb 22 23:25:46 2016
--- Log opened Wed Mar 02 08:30:58 2016
2016-03-02 08:30:58-idlerpg(idlerpg@net-75e.jqk.0.127.IP)- Penalty of 0 days, 04:30:53 added to your timer for privmsg.
--- Log closed Wed Mar 02 08:35:58 2016
--- Log opened Fri Mar 04 04:39:20 2016
2016-03-04 04:39:20-idlerpg(idlerpg@net-75e.jqk.0.127.IP)- You found a level 27 weapon. Your current weapon is level 53, so it seems Luck is against you. You toss the weapon.
--- Log closed Fri Mar 04 04:45:01 2016
--- Log opened Fri Mar 04 22:33:30 2016
2016-03-04 22:33:30<yellow> login Atychiphobe sekretpassword
2016-03-04 22:33:33-idlerpg(idlerpg@net-75e.jqk.0.127.IP)- Logon successful. Next level in 46 days, 17:39:44.
--- Log closed Fri Mar 04 22:39:02 2016
--- Log opened Fri Mar 04 23:46:04 2016
2016-03-04 23:46:04<yellow> login Atychiphobe sekretpassword
2016-03-04 23:46:07-idlerpg(idlerpg@net-75e.jqk.0.127.IP)- Logon successful. Next level in 50 days, 23:57:41.
--- Log closed Fri Mar 04 23:52:02 2016
--- Log opened Sat Mar 05 01:20:11 2016
2016-03-05 01:20:11<yellow> login Atychiphobe sekretpassword
2016-03-05 01:20:14-idlerpg(idlerpg@net-75e.jqk.0.127.IP)- Logon successful. Next level in 55 days, 05:54:06.
--- Log closed Sat Mar 05 01:26:02 2016
--- Log opened Thu Mar 10 04:46:19 2016
2016-03-10 04:46:19-idlerpg(idlerpg@net-75e.jqk.0.127.IP)- You found a level 24 amulet. Your current amulet is level 124, so it seems Luck is against you. You toss the amulet.
--- Log closed Thu Mar 10 04:52:10 2016
--- Log opened Tue Mar 15 07:42:06 2016
2016-03-15 07:42:06-idlerpg(idlerpg@net-75e.jqk.0.127.IP)- You found a level 62 set of leggings! Your current set of leggings is only level 41, so it seems Luck is with you!
--- Log closed Tue Mar 15 07:47:18 2016
--- Log opened Tue Mar 15 09:20:35 2016
2016-03-15 09:20:35-idlerpg(idlerpg@net-75e.jqk.0.127.IP)- Penalty of 0 days, 06:41:20 added to your timer for privmsg.
--- Log closed Tue Mar 15 09:26:18 2016
--- Log opened Thu Mar 17 07:27:22 2016
2016-03-17 07:27:22<yellow> login Atychiphobe sekretpassword
2016-03-17 07:27:23-idlerpg(idlerpg@net-75e.jqk.0.127.IP)- Logon successful. Next level in 42 days, 23:09:31.
--- Log closed Thu Mar 17 07:33:21 2016
--- Log opened Thu Mar 17 08:30:18 2016
2016-03-17 08:30:18<yellow> status j
2016-03-17 08:30:21<idlerpg> j: Level 77 time_t; Status: Online; TTL: 24 days, 04:39:07; Idled: 283 days, 23:25:15; Item sum: 1029; Rank: 2
2016-03-17 08:31:27<yellow> status
2016-03-17 08:31:30<idlerpg> Atychiphobe: Level 77 coward; Status: Online; TTL: 47 days, 15:24:40; Idled: 268 days, 03:18:22; Item sum: 810; Rank: 3
2016-03-17 08:31:44<yellow> status elijah
2016-03-17 08:31:48<idlerpg> elijah: Level 82 git; Status: Online; TTL: 11 days, 12:42:18; Idled: 275 days, 03:49:48; Item sum: 1112; Rank: 1
2016-03-17 08:32:00<yellow> status pef
2016-03-17 08:32:03<idlerpg> pef: Level 71 troll; Status: Offline; TTL: 19 days, 08:19:39; Idled: 208 days, 23:39:33; Item sum: 913; Rank: 5
2016-03-17 08:32:17<yellow> status kniktas
2016-03-17 08:32:21<idlerpg> kniktas: Level 75 Hellene; Status: Offline; TTL: 23 days, 05:04:39; Idled: 268 days, 16:19:11; Item sum: 745; Rank: 4
--- Log closed Thu Mar 17 08:37:21 2016
--- Log opened Fri Mar 18 20:35:04 2016
2016-03-18 20:35:04<yellow> login Atychiphobe sekretpassword
2016-03-18 20:35:07-idlerpg(idlerpg@net-75e.jqk.0.127.IP)- Logon successful. Next level in 30 days, 01:08:18.
--- Log closed Fri Mar 18 20:40:23 2016
--- Log opened Sun Mar 27 13:30:26 2016
2016-03-27 13:30:26-idlerpg(idlerpg@net-75e.jqk.0.127.IP)- You found a level 33 shield. Your current shield is level 53, so it seems Luck is against you. You toss the shield.
--- Log closed Sun Mar 27 13:35:37 2016
--- Log opened Sun Apr 03 20:50:43 2016
2016-04-03 20:50:43-idlerpg(idlerpg@net-75e.jqk.0.127.IP)- You found a level 19 set of leggings. Your current set of leggings is level 62, so it seems Luck is against you. You toss the set of leggings.
--- Log closed Sun Apr 03 20:55:47 2016
--- Log opened Fri Apr 08 08:54:24 2016
2016-04-08 08:54:24-idlerpg(idlerpg@net-75e.jqk.0.127.IP)- Penalty of 0 days, 08:41:35 added to your timer for privmsg.
--- Log closed Fri Apr 08 08:59:54 2016
--- Log opened Tue Apr 12 18:24:06 2016
2016-04-12 18:24:06-idlerpg(idlerpg@net-75e.jqk.0.127.IP)- You found a level 35 shield. Your current shield is level 70, so it seems Luck is against you. You toss the shield.
--- Log closed Tue Apr 12 18:30:00 2016
--- Log opened Sat Apr 23 20:25:40 2016
2016-04-23 20:25:40-idlerpg(idlerpg@net-75e.jqk.0.127.IP)- You found a level 40 helm. Your current helm is level 58, so it seems Luck is against you. You toss the helm.
--- Log closed Sat Apr 23 20:31:17 2016
--- Log opened Tue Apr 26 14:20:23 2016
2016-04-26 14:20:23<yellow> status elijah
2016-04-26 14:20:24<idlerpg> elijah: Level 89 git; Status: Online; TTL: 51 days, 22:25:46; Idled: 312 days, 09:45:01; Item sum: 1133; Rank: 1
2016-04-26 14:20:47<yellow> status elijah
2016-04-26 14:20:48<idlerpg> elijah: Level 89 git; Status: Offline; TTL: 79 days, 01:50:23; Idled: 312 days, 09:45:19; Item sum: 1133; Rank: 1
--- Log closed Tue Apr 26 14:26:21 2016
--- Log opened Sun May 01 13:46:24 2016
2016-05-01 13:46:24-idlerpg(idlerpg@net-75e.jqk.0.127.IP)- You found a level 29 pair of boots. Your current pair of boots is level 252, so it seems Luck is against you. You toss the pair of boots.
--- Log closed Sun May 01 13:51:28 2016
--- Log opened Fri May 06 17:49:50 2016
2016-05-06 17:49:50-idlerpg(idlerpg@net-75e.jqk.0.127.IP)- You found a level 47 tunic! Your current tunic is only level 22, so it seems Luck is with you!
--- Log closed Fri May 06 17:55:36 2016
--- Log opened Mon May 09 15:47:34 2016
2016-05-09 15:47:34-idlerpg(idlerpg@net-75e.jqk.0.127.IP)- Penalty of 0 days, 14:40:57 added to your timer for privmsg.
--- Log closed Mon May 09 15:52:40 2016
--- Log opened Mon May 16 10:34:21 2016
2016-05-16 10:34:21-idlerpg(idlerpg@net-75e.jqk.0.127.IP)- Penalty of 0 days, 14:40:57 added to your timer for privmsg.
--- Log closed Mon May 16 10:39:50 2016
--- Log opened Fri May 20 08:13:57 2016
2016-05-20 08:13:57<yellow> status elijah
2016-05-20 08:13:59<idlerpg> elijah: Level 92 git; Status: Offline; TTL: 8 days, 09:08:06; Idled: 336 days, 03:37:47; Item sum: 1125; Rank: 1
2016-05-20 08:19:17-idlerpg(idlerpg@net-75e.jqk.0.127.IP)- Penalty of 0 days, 14:40:57 added to your timer for privmsg.
2016-05-20 08:19:42<yellow> status j
2016-05-20 08:19:44<idlerpg> j: Level 83 time_t; Status: Online; TTL: 9 days, 17:45:42; Idled: 347 days, 22:38:53; Item sum: 973; Rank: 2
2016-05-20 08:19:48<yellow> status Atychiphobe
2016-05-20 08:19:50<idlerpg> Atychiphobe: Level 83 coward; Status: Online; TTL: 15 days, 03:03:21; Idled: 332 days, 03:04:41; Item sum: 1091; Rank: 3
--- Log closed Fri May 20 08:24:55 2016
--- Log opened Mon May 23 13:49:20 2016
2016-05-23 13:49:20-idlerpg(idlerpg@net-75e.jqk.0.127.IP)- You found a level 22 shield. Your current shield is level 70, so it seems Luck is against you. You toss the shield.
--- Log closed Mon May 23 13:55:00 2016
--- Log opened Sat May 28 10:13:37 2016
2016-05-28 10:13:37-idlerpg(idlerpg@net-75e.jqk.0.127.IP)- You found a level 26 pair of gloves. Your current pair of gloves is level 41, so it seems Luck is against you. You toss the pair of gloves.
--- Log closed Sat May 28 10:19:07 2016
--- Log opened Thu Jun 02 00:26:15 2016
2016-06-02 00:26:15-idlerpg(idlerpg@net-75e.jqk.0.127.IP)- You found a level 70 ring! Your current ring is only level 61, so it seems Luck is with you!
--- Log closed Thu Jun 02 00:31:15 2016
--- Log opened Thu Jun 02 08:44:51 2016
2016-06-02 08:44:51<yellow> align neutral
2016-06-02 08:44:52<idlerpg> Your alignment was changed to neutral.
--- Log closed Thu Jun 02 08:50:15 2016
--- Log opened Mon Jun 06 09:02:19 2016
2016-06-06 09:02:19-!- Irssi: Starting query in Palantir with idlerpg
2016-06-06 09:02:19<yellow> login Atychiphobe sekretpassword
2016-06-06 09:02:22-idlerpg(idlerpg@net-75e.jqk.0.127.IP)- Logon successful. Next level in 23 days, 19:11:06.
--- Log closed Mon Jun 06 09:08:17 2016
--- Log opened Wed Jun 08 00:16:03 2016
2016-06-08 00:16:03<yellow> login Atychiphobe sekretpassword
2016-06-08 00:16:06-idlerpg(idlerpg@net-75e.jqk.0.127.IP)- Logon successful. Next level in 25 days, 14:38:16.
--- Log closed Wed Jun 08 00:21:19 2016
--- Log opened Thu Jun 09 23:30:38 2016
2016-06-09 23:30:38<yellow> login Atychiphobe sekretpassword
2016-06-09 23:30:40-idlerpg(idlerpg@net-75e.jqk.0.127.IP)- Logon successful. Next level in 15 days, 00:29:23.
--- Log closed Thu Jun 09 23:36:22 2016
--- Log opened Sun Jun 12 14:48:23 2016
2016-06-12 14:48:23-idlerpg(idlerpg@net-75e.jqk.0.127.IP)- You found a level 31 weapon. Your current weapon is level 302, so it seems Luck is against you. You toss the weapon.
--- Log closed Sun Jun 12 14:53:26 2016
--- Log opened Sun Jun 19 13:14:37 2016
2016-06-19 13:14:37-idlerpg(idlerpg@net-75e.jqk.0.127.IP)- You found a level 41 tunic. Your current tunic is level 81, so it seems Luck is against you. You toss the tunic.
--- Log closed Sun Jun 19 13:20:36 2016
--- Log opened Sat Jun 25 00:06:14 2016
2016-06-25 00:06:14-idlerpg(idlerpg@net-75e.jqk.0.127.IP)- You found a level 21 set of leggings. Your current set of leggings is level 48, so it seems Luck is against you. You toss the set of leggings.
--- Log closed Sat Jun 25 00:11:44 2016
--- Log opened Sat Jul 02 23:37:16 2016
2016-07-02 23:37:16<yellow> login Atychiphobe sekretpassword
2016-07-02 23:37:20-idlerpg(idlerpg@net-75e.jqk.0.127.IP)- Logon successful. Next level in 8 days, 02:28:03.
--- Log closed Sat Jul 02 23:42:56 2016
--- Log opened Sat Jul 02 23:51:44 2016
2016-07-02 23:51:44<yellow> login Atychiphobe sekretpassword
2016-07-02 23:51:48-idlerpg(idlerpg@net-75e.jqk.0.127.IP)- Logon successful. Next level in 15 days, 02:13:45.
--- Log closed Sat Jul 02 23:56:56 2016
--- Log opened Fri Jul 08 09:39:39 2016
2016-07-08 09:39:39-idlerpg(idlerpg@net-75e.jqk.0.127.IP)- You found a level 46 pair of boots. Your current pair of boots is level 299, so it seems Luck is against you. You toss the pair of boots.
--- Log closed Fri Jul 08 09:45:04 2016
--- Log opened Sat Jul 16 00:58:16 2016
2016-07-16 00:58:16-idlerpg(idlerpg@net-75e.jqk.0.127.IP)- You found a level 49 tunic. Your current tunic is level 89, so it seems Luck is against you. You toss the tunic.
--- Log closed Sat Jul 16 01:04:15 2016
--- Log opened Wed Jul 27 13:46:15 2016
2016-07-27 13:46:15-idlerpg(idlerpg@net-75e.jqk.0.127.IP)- You found a level 28 weapon. Your current weapon is level 302, so it seems Luck is against you. You toss the weapon.
--- Log closed Wed Jul 27 13:51:33 2016
--- Log opened Tue Aug 02 04:49:44 2016
2016-08-02 04:49:44-idlerpg(idlerpg@net-75e.jqk.0.127.IP)- You found a level 27 pair of gloves. Your current pair of gloves is level 41, so it seems Luck is against you. You toss the pair of gloves.
--- Log closed Tue Aug 02 04:55:41 2016
--- Log opened Sat Aug 06 22:08:38 2016
2016-08-06 22:08:38-idlerpg(idlerpg@net-75e.jqk.0.127.IP)- You found a level 74 ring! Your current ring is only level 70, so it seems Luck is with you!
--- Log closed Sat Aug 06 22:13:48 2016
--- Log opened Thu Aug 11 05:14:59 2016
2016-08-11 05:14:59-idlerpg(idlerpg@net-75e.jqk.0.127.IP)- You found a level 33 pair of gloves. Your current pair of gloves is level 41, so it seems Luck is against you. You toss the pair of gloves.
--- Log closed Thu Aug 11 05:20:54 2016
--- Log opened Sat Aug 20 10:34:13 2016
2016-08-20 10:34:13-idlerpg(idlerpg@net-75e.jqk.0.127.IP)- The light of the gods shines down upon you! You have found the level 90 Res0's Protectorate Plate Mail! Your enemies cower in fear as their attacks have no effect on you.
--- Log closed Sat Aug 20 10:40:08 2016
--- Log opened Sat Aug 27 21:11:26 2016
2016-08-27 21:11:26<yellow> login Atychiphobe sekretpassword
2016-08-27 21:11:28-idlerpg(idlerpg@net-75e.jqk.0.127.IP)- Logon successful. Next level in 7 days, 11:30:11.
--- Log closed Sat Aug 27 21:17:19 2016
--- Log opened Mon Aug 29 17:39:50 2016
2016-08-29 17:39:50-idlerpg(idlerpg@net-75e.jqk.0.127.IP)- You found a level 56 charm. Your current charm is level 60, so it seems Luck is against you. You toss the charm.
--- Log closed Mon Aug 29 17:45:22 2016
--- Log opened Tue Sep 06 09:00:28 2016
2016-09-06 09:00:28-!- Irssi: Starting query in Palantir with idlerpg
2016-09-06 09:00:28<yellow> login Atychiphobe sekretpassword
2016-09-06 09:00:31-idlerpg(idlerpg@net-75e.jqk.0.127.IP)- Logon successful. Next level in 8 days, 14:38:43.
--- Log closed Tue Sep 06 09:06:27 2016
--- Log opened Mon Sep 12 09:00:32 2016
2016-09-12 09:00:32<yellow> align good
2016-09-12 09:00:35<idlerpg> Your alignment was changed to good.
--- Log closed Mon Sep 12 09:05:36 2016
--- Log opened Mon Sep 12 16:40:22 2016
2016-09-12 16:40:22-idlerpg(idlerpg@net-75e.jqk.0.127.IP)- You found a level 49 amulet. Your current amulet is level 149, so it seems Luck is against you. You toss the amulet.
--- Log closed Mon Sep 12 16:45:36 2016
